Initialized native services in: /Users/lolet/.gradle/native
Initialized jansi services in: /Users/lolet/.gradle/native
The client will now receive all logging from the daemon (pid: 15313). The daemon log file: /Users/lolet/.gradle/daemon/9.1.0/daemon-15313.out.log
Starting 2nd build in daemon [uptime: 3 mins 58.363 secs, performance: 98%, GC rate: 0.00/s, heap usage: 0% of 2 GiB]
Using 8 worker leases.
Invalidating in-memory cache of /Users/lolet/Downloads/Nua/.gradle/9.1.0/fileHashes/fileHashes.bin
Invalidating in-memory cache of /Users/lolet/Downloads/Nua/.gradle/buildOutputCleanup/outputFiles.bin
Invalidating in-memory cache of /Users/lolet/Downloads/Nua/.gradle/9.1.0/fileHashes/fileHashes.bin
Invalidating in-memory cache of /Users/lolet/Downloads/Nua/.gradle/9.1.0/fileHashes/resourceHashesCache.bin
Watching the file system is configured to be enabled if available
Now considering [/Users/lolet/Downloads/Nua] as hierarchies to watch
File system watching is active
Starting Build
Invalidating in-memory cache of /Users/lolet/.gradle/caches/9.1.0/fileHashes/fileHashes.bin
Invalidating in-memory cache of /Users/lolet/.gradle/caches/9.1.0/fileHashes/resourceHashesCache.bin
Invalidating in-memory cache of /Users/lolet/.gradle/caches/9.1.0/fileHashes/kotlinDslCompileAvoidanceClasspathHashCache.bin
Invalidating in-memory cache of /Users/lolet/.gradle/caches/9.1.0/fileHashes/fileHashes.bin
Invalidating in-memory cache of /Users/lolet/.gradle/caches/9.1.0/fileHashes/resourceHashesCache.bin
Invalidating in-memory cache of /Users/lolet/.gradle/caches/journal-1/file-access.bin
Invalidating in-memory cache of /Users/lolet/.gradle/caches/9.1.0/fileHashes/kotlinDslCompileAvoidanceClasspathHashCache.bin
Invalidating in-memory cache of /Users/lolet/.gradle/caches/9.1.0/fileHashes/fileHashes.bin
Invalidating in-memory cache of /Users/lolet/.gradle/caches/9.1.0/fileHashes/resourceHashesCache.bin
Resource missing. [HTTP HEAD: https://plugins.gradle.org/m2/org/gradle/toolchains/foojay-resolver-convention/org.gradle.toolchains.foojay-resolver-convention.gradle.plugin/1.0.0/org.gradle.toolchains.foojay-resolver-convention.gradle.plugin-1.0.0.jar]
Resolved plugin [id: 'org.gradle.toolchains.foojay-resolver-convention', version: '1.0.0']
Invalidating in-memory cache of /Users/lolet/.gradle/caches/journal-1/file-access.bin
Invalidating in-memory cache of /Users/lolet/.gradle/caches/9.1.0/fileHashes/kotlinDslCompileAvoidanceClasspathHashCache.bin
Invalidating in-memory cache of /Users/lolet/.gradle/caches/9.1.0/fileHashes/fileHashes.bin
Invalidating in-memory cache of /Users/lolet/.gradle/caches/9.1.0/fileHashes/resourceHashesCache.bin
Invalidating in-memory cache of /Users/lolet/.gradle/caches/journal-1/file-access.bin
Invalidating in-memory cache of /Users/lolet/.gradle/caches/9.1.0/fileHashes/kotlinDslCompileAvoidanceClasspathHashCache.bin
Invalidating in-memory cache of /Users/lolet/.gradle/caches/9.1.0/fileHashes/fileHashes.bin
Invalidating in-memory cache of /Users/lolet/.gradle/caches/9.1.0/fileHashes/resourceHashesCache.bin
Invalidating in-memory cache of /Users/lolet/.gradle/caches/journal-1/file-access.bin
Invalidating in-memory cache of /Users/lolet/.gradle/caches/9.1.0/fileHashes/kotlinDslCompileAvoidanceClasspathHashCache.bin
Invalidating in-memory cache of /Users/lolet/.gradle/caches/9.1.0/fileHashes/fileHashes.bin
Invalidating in-memory cache of /Users/lolet/.gradle/caches/9.1.0/fileHashes/resourceHashesCache.bin
Invalidating in-memory cache of /Users/lolet/.gradle/caches/journal-1/file-access.bin
Invalidating in-memory cache of /Users/lolet/.gradle/caches/9.1.0/fileHashes/kotlinDslCompileAvoidanceClasspathHashCache.bin
Invalidating in-memory cache of /Users/lolet/.gradle/caches/9.1.0/fileHashes/fileHashes.bin
Invalidating in-memory cache of /Users/lolet/.gradle/caches/9.1.0/fileHashes/resourceHashesCache.bin
Invalidating in-memory cache of /Users/lolet/.gradle/caches/journal-1/file-access.bin
Invalidating in-memory cache of /Users/lolet/.gradle/caches/9.1.0/fileHashes/kotlinDslCompileAvoidanceClasspathHashCache.bin
Invalidating in-memory cache of /Users/lolet/.gradle/caches/9.1.0/fileHashes/fileHashes.bin
Invalidating in-memory cache of /Users/lolet/.gradle/caches/9.1.0/fileHashes/resourceHashesCache.bin
Invalidating in-memory cache of /Users/lolet/.gradle/caches/9.1.0/fileHashes/kotlinDslCompileAvoidanceClasspathHashCache.bin
Invalidating in-memory cache of /Users/lolet/.gradle/caches/9.1.0/fileHashes/fileHashes.bin
Invalidating in-memory cache of /Users/lolet/.gradle/caches/9.1.0/fileHashes/resourceHashesCache.bin
Invalidating in-memory cache of /Users/lolet/.gradle/caches/9.1.0/fileHashes/kotlinDslCompileAvoidanceClasspathHashCache.bin
Invalidating in-memory cache of /Users/lolet/.gradle/caches/9.1.0/fileHashes/fileHashes.bin
Invalidating in-memory cache of /Users/lolet/.gradle/caches/9.1.0/fileHashes/resourceHashesCache.bin
Invalidating in-memory cache of /Users/lolet/.gradle/caches/journal-1/file-access.bin
Invalidating in-memory cache of /Users/lolet/.gradle/caches/9.1.0/fileHashes/kotlinDslCompileAvoidanceClasspathHashCache.bin
Invalidating in-memory cache of /Users/lolet/.gradle/caches/9.1.0/fileHashes/fileHashes.bin
Invalidating in-memory cache of /Users/lolet/.gradle/caches/9.1.0/fileHashes/resourceHashesCache.bin
Invalidating in-memory cache of /Users/lolet/.gradle/caches/9.1.0/fileHashes/kotlinDslCompileAvoidanceClasspathHashCache.bin
Invalidating in-memory cache of /Users/lolet/.gradle/caches/9.1.0/fileHashes/fileHashes.bin
Invalidating in-memory cache of /Users/lolet/.gradle/caches/9.1.0/fileHashes/resourceHashesCache.bin
Invalidating in-memory cache of /Users/lolet/.gradle/caches/9.1.0/fileHashes/kotlinDslCompileAvoidanceClasspathHashCache.bin
Invalidating in-memory cache of /Users/lolet/.gradle/caches/9.1.0/fileHashes/fileHashes.bin
Invalidating in-memory cache of /Users/lolet/.gradle/caches/9.1.0/fileHashes/resourceHashesCache.bin
Invalidating in-memory cache of /Users/lolet/.gradle/caches/journal-1/file-access.bin
Invalidating in-memory cache of /Users/lolet/.gradle/caches/9.1.0/fileHashes/kotlinDslCompileAvoidanceClasspathHashCache.bin
Invalidating in-memory cache of /Users/lolet/.gradle/caches/9.1.0/fileHashes/fileHashes.bin
Invalidating in-memory cache of /Users/lolet/.gradle/caches/9.1.0/fileHashes/resourceHashesCache.bin
Settings evaluated using settings file '/Users/lolet/Downloads/Nua/settings.gradle.kts'.
Using local directory build cache for the root build (location = /Users/lolet/.gradle/caches/build-cache-1, remove unused entries = after 7 days).
Invalidating in-memory cache of /Users/lolet/.gradle/caches/journal-1/file-access.bin
Invalidating in-memory cache of /Users/lolet/.gradle/caches/9.1.0/fileHashes/kotlinDslCompileAvoidanceClasspathHashCache.bin
Invalidating in-memory cache of /Users/lolet/.gradle/caches/9.1.0/fileHashes/fileHashes.bin
Invalidating in-memory cache of /Users/lolet/.gradle/caches/9.1.0/fileHashes/resourceHashesCache.bin
Invalidating in-memory cache of /Users/lolet/.gradle/caches/9.1.0/fileHashes/kotlinDslCompileAvoidanceClasspathHashCache.bin
Invalidating in-memory cache of /Users/lolet/.gradle/caches/9.1.0/fileHashes/fileHashes.bin
Invalidating in-memory cache of /Users/lolet/.gradle/caches/9.1.0/fileHashes/resourceHashesCache.bin
Invalidating in-memory cache of /Users/lolet/.gradle/caches/9.1.0/fileHashes/kotlinDslCompileAvoidanceClasspathHashCache.bin
Invalidating in-memory cache of /Users/lolet/.gradle/caches/9.1.0/fileHashes/fileHashes.bin
Invalidating in-memory cache of /Users/lolet/.gradle/caches/9.1.0/fileHashes/resourceHashesCache.bin
Projects loaded. Root project using build file '/Users/lolet/Downloads/Nua/build.gradle.kts'.
Included projects: [root project 'Nua', project ':app']

> Configure project :
Evaluating root project 'Nua' using build file '/Users/lolet/Downloads/Nua/build.gradle.kts'.
Invalidating in-memory cache of /Users/lolet/.gradle/caches/journal-1/file-access.bin
Invalidating in-memory cache of /Users/lolet/.gradle/caches/9.1.0/fileHashes/kotlinDslCompileAvoidanceClasspathHashCache.bin
Invalidating in-memory cache of /Users/lolet/.gradle/caches/9.1.0/fileHashes/fileHashes.bin
Invalidating in-memory cache of /Users/lolet/.gradle/caches/9.1.0/fileHashes/resourceHashesCache.bin
Invalidating in-memory cache of /Users/lolet/.gradle/caches/journal-1/file-access.bin
Invalidating in-memory cache of /Users/lolet/.gradle/caches/9.1.0/fileHashes/kotlinDslCompileAvoidanceClasspathHashCache.bin
Invalidating in-memory cache of /Users/lolet/.gradle/caches/9.1.0/fileHashes/fileHashes.bin
Invalidating in-memory cache of /Users/lolet/.gradle/caches/9.1.0/fileHashes/resourceHashesCache.bin
Invalidating in-memory cache of /Users/lolet/.gradle/caches/9.1.0/fileHashes/kotlinDslCompileAvoidanceClasspathHashCache.bin
Invalidating in-memory cache of /Users/lolet/.gradle/caches/9.1.0/fileHashes/fileHashes.bin
Invalidating in-memory cache of /Users/lolet/.gradle/caches/9.1.0/fileHashes/resourceHashesCache.bin
Invalidating in-memory cache of /Users/lolet/.gradle/caches/journal-1/file-access.bin
Resolved plugin [id: 'com.android.application', version: '9.0.1', apply: false]
Resolved plugin [id: 'org.jetbrains.kotlin.plugin.compose', version: '2.3.20', apply: false]
Resolved plugin [id: 'org.jetbrains.kotlin.plugin.serialization', version: '2.3.20', apply: false]
Invalidating in-memory cache of /Users/lolet/.gradle/caches/journal-1/file-access.bin
Invalidating in-memory cache of /Users/lolet/.gradle/caches/9.1.0/fileHashes/kotlinDslCompileAvoidanceClasspathHashCache.bin
Invalidating in-memory cache of /Users/lolet/.gradle/caches/9.1.0/fileHashes/fileHashes.bin
Invalidating in-memory cache of /Users/lolet/.gradle/caches/9.1.0/fileHashes/resourceHashesCache.bin
Invalidating in-memory cache of /Users/lolet/.gradle/caches/journal-1/file-access.bin
Invalidating in-memory cache of /Users/lolet/.gradle/caches/journal-1/file-access.bin
Invalidating in-memory cache of /Users/lolet/.gradle/caches/9.1.0/fileHashes/kotlinDslCompileAvoidanceClasspathHashCache.bin
Invalidating in-memory cache of /Users/lolet/.gradle/caches/9.1.0/fileHashes/fileHashes.bin
Invalidating in-memory cache of /Users/lolet/.gradle/caches/9.1.0/fileHashes/resourceHashesCache.bin
Invalidating in-memory cache of /Users/lolet/.gradle/caches/9.1.0/fileHashes/kotlinDslCompileAvoidanceClasspathHashCache.bin
Invalidating in-memory cache of /Users/lolet/.gradle/caches/9.1.0/fileHashes/fileHashes.bin
Invalidating in-memory cache of /Users/lolet/.gradle/caches/9.1.0/fileHashes/resourceHashesCache.bin
Invalidating in-memory cache of /Users/lolet/.gradle/caches/9.1.0/fileHashes/kotlinDslCompileAvoidanceClasspathHashCache.bin
Invalidating in-memory cache of /Users/lolet/.gradle/caches/9.1.0/fileHashes/fileHashes.bin
Invalidating in-memory cache of /Users/lolet/.gradle/caches/9.1.0/fileHashes/resourceHashesCache.bin
Invalidating in-memory cache of /Users/lolet/.gradle/caches/journal-1/file-access.bin
Invalidating in-memory cache of /Users/lolet/.gradle/caches/journal-1/file-access.bin
Invalidating in-memory cache of /Users/lolet/.gradle/caches/9.1.0/fileHashes/kotlinDslCompileAvoidanceClasspathHashCache.bin
Invalidating in-memory cache of /Users/lolet/.gradle/caches/9.1.0/fileHashes/fileHashes.bin
Invalidating in-memory cache of /Users/lolet/.gradle/caches/9.1.0/fileHashes/resourceHashesCache.bin
Invalidating in-memory cache of /Users/lolet/.gradle/caches/journal-1/file-access.bin
Invalidating in-memory cache of /Users/lolet/.gradle/caches/9.1.0/fileHashes/kotlinDslCompileAvoidanceClasspathHashCache.bin
Invalidating in-memory cache of /Users/lolet/.gradle/caches/9.1.0/fileHashes/fileHashes.bin
Invalidating in-memory cache of /Users/lolet/.gradle/caches/9.1.0/fileHashes/resourceHashesCache.bin
Invalidating in-memory cache of /Users/lolet/.gradle/caches/9.1.0/fileHashes/kotlinDslCompileAvoidanceClasspathHashCache.bin
Invalidating in-memory cache of /Users/lolet/.gradle/caches/9.1.0/fileHashes/fileHashes.bin
Invalidating in-memory cache of /Users/lolet/.gradle/caches/9.1.0/fileHashes/resourceHashesCache.bin
Invalidating in-memory cache of /Users/lolet/.gradle/caches/journal-1/file-access.bin
Invalidating in-memory cache of /Users/lolet/.gradle/caches/9.1.0/fileHashes/kotlinDslCompileAvoidanceClasspathHashCache.bin
Invalidating in-memory cache of /Users/lolet/.gradle/caches/9.1.0/fileHashes/fileHashes.bin
Invalidating in-memory cache of /Users/lolet/.gradle/caches/9.1.0/fileHashes/resourceHashesCache.bin
Invalidating in-memory cache of /Users/lolet/.gradle/caches/journal-1/file-access.bin
Invalidating in-memory cache of /Users/lolet/.gradle/caches/9.1.0/fileHashes/kotlinDslCompileAvoidanceClasspathHashCache.bin
Invalidating in-memory cache of /Users/lolet/.gradle/caches/9.1.0/fileHashes/fileHashes.bin
Invalidating in-memory cache of /Users/lolet/.gradle/caches/9.1.0/fileHashes/resourceHashesCache.bin
Invalidating in-memory cache of /Users/lolet/.gradle/caches/9.1.0/fileHashes/kotlinDslCompileAvoidanceClasspathHashCache.bin
Invalidating in-memory cache of /Users/lolet/.gradle/caches/9.1.0/fileHashes/fileHashes.bin
Invalidating in-memory cache of /Users/lolet/.gradle/caches/9.1.0/fileHashes/resourceHashesCache.bin
Invalidating in-memory cache of /Users/lolet/.gradle/caches/journal-1/file-access.bin
Invalidating in-memory cache of /Users/lolet/.gradle/caches/9.1.0/fileHashes/kotlinDslCompileAvoidanceClasspathHashCache.bin
Invalidating in-memory cache of /Users/lolet/.gradle/caches/9.1.0/fileHashes/fileHashes.bin
Invalidating in-memory cache of /Users/lolet/.gradle/caches/9.1.0/fileHashes/resourceHashesCache.bin
Invalidating in-memory cache of /Users/lolet/.gradle/caches/journal-1/file-access.bin
Invalidating in-memory cache of /Users/lolet/.gradle/caches/9.1.0/fileHashes/kotlinDslCompileAvoidanceClasspathHashCache.bin
Invalidating in-memory cache of /Users/lolet/.gradle/caches/9.1.0/fileHashes/fileHashes.bin
Invalidating in-memory cache of /Users/lolet/.gradle/caches/9.1.0/fileHashes/resourceHashesCache.bin
Invalidating in-memory cache of /Users/lolet/.gradle/caches/9.1.0/fileHashes/kotlinDslCompileAvoidanceClasspathHashCache.bin
Invalidating in-memory cache of /Users/lolet/.gradle/caches/9.1.0/fileHashes/fileHashes.bin
Invalidating in-memory cache of /Users/lolet/.gradle/caches/9.1.0/fileHashes/resourceHashesCache.bin
Invalidating in-memory cache of /Users/lolet/.gradle/caches/journal-1/file-access.bin
Invalidating in-memory cache of /Users/lolet/.gradle/caches/9.1.0/fileHashes/kotlinDslCompileAvoidanceClasspathHashCache.bin
Invalidating in-memory cache of /Users/lolet/.gradle/caches/9.1.0/fileHashes/fileHashes.bin
Invalidating in-memory cache of /Users/lolet/.gradle/caches/9.1.0/fileHashes/resourceHashesCache.bin
Invalidating in-memory cache of /Users/lolet/.gradle/caches/journal-1/file-access.bin
Invalidating in-memory cache of /Users/lolet/.gradle/caches/9.1.0/fileHashes/kotlinDslCompileAvoidanceClasspathHashCache.bin
Invalidating in-memory cache of /Users/lolet/.gradle/caches/9.1.0/fileHashes/fileHashes.bin
Invalidating in-memory cache of /Users/lolet/.gradle/caches/9.1.0/fileHashes/resourceHashesCache.bin
Invalidating in-memory cache of /Users/lolet/.gradle/caches/journal-1/file-access.bin
Invalidating in-memory cache of /Users/lolet/.gradle/caches/9.1.0/fileHashes/kotlinDslCompileAvoidanceClasspathHashCache.bin
Invalidating in-memory cache of /Users/lolet/.gradle/caches/9.1.0/fileHashes/fileHashes.bin
Invalidating in-memory cache of /Users/lolet/.gradle/caches/9.1.0/fileHashes/resourceHashesCache.bin
Invalidating in-memory cache of /Users/lolet/.gradle/caches/journal-1/file-access.bin
Invalidating in-memory cache of /Users/lolet/.gradle/caches/9.1.0/fileHashes/kotlinDslCompileAvoidanceClasspathHashCache.bin
Invalidating in-memory cache of /Users/lolet/.gradle/caches/9.1.0/fileHashes/fileHashes.bin
Invalidating in-memory cache of /Users/lolet/.gradle/caches/9.1.0/fileHashes/resourceHashesCache.bin
Invalidating in-memory cache of /Users/lolet/.gradle/caches/journal-1/file-access.bin
Invalidating in-memory cache of /Users/lolet/.gradle/caches/9.1.0/fileHashes/kotlinDslCompileAvoidanceClasspathHashCache.bin
Invalidating in-memory cache of /Users/lolet/.gradle/caches/9.1.0/fileHashes/fileHashes.bin
Invalidating in-memory cache of /Users/lolet/.gradle/caches/9.1.0/fileHashes/resourceHashesCache.bin
Invalidating in-memory cache of /Users/lolet/.gradle/caches/journal-1/file-access.bin
Invalidating in-memory cache of /Users/lolet/.gradle/caches/journal-1/file-access.bin
